\BOOKMARK [0][-]{part.1}{\376\377\000I\000\040\000W\000y\000b\000r\000a\000n\000y\000\040\000d\000i\000a\000g\000r\000a\000m\000\040\000p\000r\000z\000y\000p\000a\000d\000k\000u\000\040\000u\001\174\000y\000c\000i\000a}{}% 1
\BOOKMARK [0][-]{part.2}{\376\377\000I\000I\000\040\000S\000p\000e\000c\000y\000f\000i\000k\000a\000c\000j\000a\000\040\000w\000e\000w\000n\001\031\000t\000r\000z\000n\000a}{}% 2
\BOOKMARK [1][-]{section.2.1}{\376\377\000I\000m\000p\000l\000e\000m\000e\000n\000t\000a\000c\000j\000a\000\040\000u\000r\000u\000c\000h\000o\000m\000i\000e\000n\000i\000a\000\040\000b\000o\000m\000b\000y}{part.2}% 3
\BOOKMARK [2][-]{subsection.2.1.1}{\376\377\000W\000y\000w\000o\001\102\000a\000n\000i\000e\000\040\000m\000e\000t\000o\000d\000y}{section.2.1}% 4
\BOOKMARK [2][-]{subsection.2.1.2}{\376\377\000U\001\174\000y\000c\000i\000e\000\040\000b\000o\000m\000b\000y\000\040\000\050\000f\000u\000n\000k\000c\000j\000a\000\040\000U\000s\000e\000B\000o\000m\000b\000\050\000\051\000\051}{section.2.1}% 5
\BOOKMARK [3][-]{subsubsection.2.1.2.1}{\376\377\000W\000y\000s\000t\000r\000z\000e\000l\000e\000n\000i\000e\000\040\000b\000o\000m\000b\000y\000\040\000\050\000f\000u\000n\000k\000c\000j\000a\000\040\000L\000a\000u\000n\000c\000h\000\050\000\051\000\051}{subsection.2.1.2}% 6
\BOOKMARK [3][-]{subsubsection.2.1.2.2}{\376\377\000D\000e\000k\000r\000e\000m\000e\000n\000t\000a\000c\000j\000a\000\040\000l\000i\000c\000z\000n\000i\000k\000a\000\040\000b\000o\000m\000b}{subsection.2.1.2}% 7
\BOOKMARK [2][-]{subsection.2.1.3}{\376\377\000U\000t\000w\000o\000r\000z\000e\000n\000i\000e\000\040\000b\000o\000m\000b\000y}{section.2.1}% 8
\BOOKMARK [1][-]{section.2.2}{\376\377\000O\000d\000w\000o\001\102\000a\000n\000i\000a\000\040\000d\000o\000\040\000i\000n\000t\000e\000r\000f\000e\000j\000s\000\363\000w}{part.2}% 9
\BOOKMARK [2][-]{subsection.2.2.1}{\376\377\000I\000D\000r\000a\000w\000a\000b\000l\000e}{section.2.2}% 10
\BOOKMARK [3][-]{subsubsection.2.2.1.1}{\376\377\000O\000p\000i\000s}{subsection.2.2.1}% 11
\BOOKMARK [3][-]{subsubsection.2.2.1.2}{\376\377\000K\000l\000a\000s\000y\000\040\000w\000y\000k\000o\000r\000z\000y\000s\000t\000u\000j\001\005\000c\000e\000\040\000t\000e\000n\000\040\000i\000n\000t\000e\000r\000f\000e\000j\000s}{subsection.2.2.1}% 12
\BOOKMARK [3][-]{subsubsection.2.2.1.3}{\376\377\000M\000e\000t\000o\000d\000y\000\040\000i\000n\000t\000e\000r\000f\000e\000j\000s\000u}{subsection.2.2.1}% 13
\BOOKMARK [3][-]{subsubsection.2.2.1.4}{\376\377\000F\000r\000a\000g\000m\000e\000n\000t\000y\000\040\000i\000m\000p\000l\000e\000m\000e\000n\000t\000a\000c\000j\000i}{subsection.2.2.1}% 14
\BOOKMARK [2][-]{subsection.2.2.2}{\376\377\000I\000T\000r\000a\000n\000s\000f\000o\000r\000m\000a\000b\000l\000e}{section.2.2}% 15
\BOOKMARK [3][-]{subsubsection.2.2.2.1}{\376\377\000O\000p\000i\000s}{subsection.2.2.2}% 16
\BOOKMARK [3][-]{subsubsection.2.2.2.2}{\376\377\000K\000l\000a\000s\000y\000\040\000w\000y\000k\000o\000r\000z\000y\000s\000t\000u\000j\001\005\000c\000e\000\040\000t\000e\000n\000\040\000i\000n\000t\000e\000r\000f\000e\000j\000s}{subsection.2.2.2}% 17
\BOOKMARK [3][-]{subsubsection.2.2.2.3}{\376\377\000M\000e\000t\000o\000d\000y\000\040\000i\000n\000t\000e\000r\000f\000e\000j\000s\000u}{subsection.2.2.2}% 18
\BOOKMARK [3][-]{subsubsection.2.2.2.4}{\376\377\000F\000r\000a\000g\000m\000e\000n\000t\000y\000\040\000i\000m\000p\000l\000e\000m\000e\000n\000t\000a\000c\000j\000i}{subsection.2.2.2}% 19
\BOOKMARK [2][-]{subsection.2.2.3}{\376\377\000I\000E\000x\000c\000e\000p\000t\000i\000o\000n}{section.2.2}% 20
\BOOKMARK [3][-]{subsubsection.2.2.3.1}{\376\377\000O\000p\000i\000s}{subsection.2.2.3}% 21
\BOOKMARK [3][-]{subsubsection.2.2.3.2}{\376\377\000K\000l\000a\000s\000y\000\040\000w\000y\000k\000o\000r\000z\000y\000s\000t\000u\000j\001\005\000c\000e\000\040\000t\000e\000n\000\040\000i\000n\000t\000e\000r\000f\000e\000j\000s}{subsection.2.2.3}% 22
\BOOKMARK [3][-]{subsubsection.2.2.3.3}{\376\377\000M\000e\000t\000o\000d\000y\000\040\000i\000n\000t\000e\000r\000f\000e\000j\000s\000u}{subsection.2.2.3}% 23
\BOOKMARK [3][-]{subsubsection.2.2.3.4}{\376\377\000F\000r\000a\000g\000m\000e\000n\000t\000y\000\040\000i\000m\000p\000l\000e\000m\000e\000n\000t\000a\000c\000j\000i}{subsection.2.2.3}% 24
\BOOKMARK [2][-]{subsection.2.2.4}{\376\377\000I\000P\000a\000t\000t\000e\000r\000n}{section.2.2}% 25
\BOOKMARK [3][-]{subsubsection.2.2.4.1}{\376\377\000O\000p\000i\000s}{subsection.2.2.4}% 26
\BOOKMARK [3][-]{subsubsection.2.2.4.2}{\376\377\000K\000l\000a\000s\000y\000\040\000w\000y\000k\000o\000r\000z\000y\000s\000t\000u\000j\001\005\000c\000e\000\040\000t\000e\000n\000\040\000i\000n\000t\000e\000r\000f\000e\000j\000s}{subsection.2.2.4}% 27
\BOOKMARK [3][-]{subsubsection.2.2.4.3}{\376\377\000M\000e\000t\000o\000d\000y\000\040\000i\000n\000t\000e\000r\000f\000e\000j\000s\000u}{subsection.2.2.4}% 28
\BOOKMARK [3][-]{subsubsection.2.2.4.4}{\376\377\000F\000r\000a\000g\000m\000e\000n\000t\000y\000\040\000i\000m\000p\000l\000e\000m\000e\000n\000t\000a\000c\000j\000i}{subsection.2.2.4}% 29
\BOOKMARK [0][-]{part.3}{\376\377\000I\000I\000I\000\040\000S\000p\000e\000c\000y\000f\000i\000k\000a\000c\000j\000a\000\040\000z\000e\000w\000n\001\031\000t\000r\000z\000n\000a}{}% 30
\BOOKMARK [1][-]{section.3.1}{\376\377\000P\000r\000z\000e\000d\000s\000t\000a\000w\000i\000e\000n\000i\000e\000\040\000i\000n\000t\000e\000r\000a\000k\000c\000j\000i\000\040\000z\000\040\000p\000r\000z\000y\000p\000a\000d\000k\000u\000\040\000u\001\174\000y\000c\000i\000a}{part.3}% 31
