\BOOKMARK [0][-]{part.1}{\376\377\000I\000\040\000K\000r\000\363\000t\000k\000i\000\040\000o\000p\000i\000s\000\040\000a\000p\000l\000i\000k\000a\000c\000j\000i}{}% 1
\BOOKMARK [0][-]{part.2}{\376\377\000I\000I\000\040\000A\000n\000a\000l\000i\000z\000a\000\040\000z\000a\000d\000a\000n\000i\000a}{}% 2
\BOOKMARK [1][-]{section.2.1}{\376\377\000P\000o\000d\000s\000t\000a\000w\000y\000\040\000t\000e\000o\000r\000e\000t\000y\000c\000z\000n\000e\000\040\000p\000r\000o\000b\000l\000e\000m\000u}{part.2}% 3
\BOOKMARK [2][-]{subsection.2.1.1}{\376\377\000P\000r\000z\000e\000s\000t\000r\000z\000e\001\104\000\040\000f\000i\000z\000y\000c\000z\000n\000a}{section.2.1}% 4
\BOOKMARK [2][-]{subsection.2.1.2}{\376\377\000R\000u\000c\000h}{section.2.1}% 5
\BOOKMARK [3][-]{subsubsection.2.1.2.1}{\376\377\000R\000u\000c\000h\000\040\000j\000e\000d\000n\000o\000s\000t\000a\000j\000n\000y}{subsection.2.1.2}% 6
\BOOKMARK [3][-]{subsubsection.2.1.2.2}{\376\377\000R\000u\000c\000h\000\040\000j\000e\000d\000n\000o\000s\000t\000a\000j\000n\000i\000e\000\040\000p\000r\000z\000y\000s\000p\000i\000e\000s\000z\000o\000n\000y}{subsection.2.1.2}% 7
\BOOKMARK [3][-]{subsubsection.2.1.2.3}{\376\377\000R\000u\000c\000h\000\040\000j\000e\000d\000n\000o\000s\000t\000a\000j\000n\000i\000e\000\040\000o\000p\000\363\001\172\000n\000i\000o\000n\000y}{subsection.2.1.2}% 8
\BOOKMARK [2][-]{subsection.2.1.3}{\376\377\000T\000o\000r\000\040\000p\000o\000c\000i\000s\000k\000\363\000w}{section.2.1}% 9
\BOOKMARK [3][-]{subsubsection.2.1.3.1}{\376\377\000O\000k\000r\001\005\000g}{subsection.2.1.3}% 10
\BOOKMARK [3][-]{subsubsection.2.1.3.2}{\376\377\000E\000l\000i\000p\000s\000a}{subsection.2.1.3}% 11
\BOOKMARK [3][-]{subsubsection.2.1.3.3}{\376\377\000S\000p\000i\000r\000a\000l\000a}{subsection.2.1.3}% 12
\BOOKMARK [3][-]{subsubsection.2.1.3.4}{\376\377\000S\000p\000i\000r\000a\000l\000a\000\040\000F\000e\000r\000m\000a\000t\000a}{subsection.2.1.3}% 13
\BOOKMARK [3][-]{subsubsection.2.1.3.5}{\376\377\000S\000p\000i\000r\000a\000l\000a\000\040\000h\000i\000p\000e\000r\000b\000o\000l\000i\000c\000z\000n\000a}{subsection.2.1.3}% 14
\BOOKMARK [1][-]{section.2.2}{\376\377\000W\000y\000k\000o\000r\000z\000y\000s\000t\000y\000w\000a\000n\000e\000\040\000z\000a\000g\000a\000d\000n\000i\000e\000n\000i\000a\000\040\000g\000r\000a\000f\000i\000k\000i\000\040\000k\000o\000m\000p\000u\000t\000e\000r\000o\000w\000e\000j}{part.2}% 15
\BOOKMARK [2][-]{subsection.2.2.1}{\376\377\000P\000r\000z\000e\000k\000s\000z\000t\000a\001\102\000c\000e\000n\000i\000a\000\040\000a\000f\000i\000n\000i\000c\000z\000n\000e}{section.2.2}% 16
\BOOKMARK [3][-]{subsubsection.2.2.1.1}{\376\377\000T\000r\000a\000n\000s\000l\000a\000c\000j\000a}{subsection.2.2.1}% 17
\BOOKMARK [3][-]{subsubsection.2.2.1.2}{\376\377\000S\000k\000a\000l\000o\000w\000a\000n\000i\000e}{subsection.2.2.1}% 18
\BOOKMARK [3][-]{subsubsection.2.2.1.3}{\376\377\000O\000b\000r\000\363\000t}{subsection.2.2.1}% 19
\BOOKMARK [2][-]{subsection.2.2.2}{\376\377\000K\000r\000z\000y\000w\000e\000\040\000i\000\040\000p\000o\000w\000i\000e\000r\000z\000c\000h\000n\000i\000e\000\040\000p\000a\000r\000a\000m\000e\000t\000r\000y\000c\000z\000n\000e}{section.2.2}% 20
\BOOKMARK [3][-]{subsubsection.2.2.2.1}{\376\377\000K\000r\000z\000y\000w\000e\000\040\000B\000e\000z\000i\000e\000r\000a}{subsection.2.2.2}% 21
\BOOKMARK [2][-]{subsection.2.2.3}{\376\377\000W\000y\000k\000r\000y\000w\000a\000n\000i\000e\000\040\000k\000o\000l\000i\000z\000j\000i}{section.2.2}% 22
\BOOKMARK [1][-]{section.2.3}{\376\377\000W\000y\000k\000o\000r\000z\000y\000s\000t\000y\000w\000a\000n\000e\000\040\000b\000i\000b\000l\000i\000o\000t\000e\000k\000i\000\040\000i\000\040\000n\000a\000r\000z\001\031\000d\000z\000i\000a\000\040\000p\000r\000o\000g\000r\000a\000m\000i\000s\000t\000y\000c\000z\000n\000e}{part.2}% 23
\BOOKMARK [2][-]{subsection.2.3.1}{\376\377\000D\000i\000r\000e\000c\000t\000X\000\040\0009}{section.2.3}% 24
\BOOKMARK [2][-]{subsection.2.3.2}{\376\377\000M\000i\000c\000r\000o\000s\000o\000f\000t\000\040\000V\000i\000s\000u\000a\000l\000\040\000S\000t\000u\000d\000i\000o\000\040\0002\0000\0001\0002}{section.2.3}% 25
\BOOKMARK [2][-]{subsection.2.3.3}{\376\377\000E\000n\000t\000e\000r\000p\000r\000i\000s\000e\000\040\000A\000r\000c\000h\000i\000t\000e\000c\000t}{section.2.3}% 26
\BOOKMARK [2][-]{subsection.2.3.4}{\376\377\000I\000n\000k\000s\000c\000a\000p\000e\000\040\000\046\000\040\000P\000h\000o\000t\000o\000s\000h\000o\000p}{section.2.3}% 27
\BOOKMARK [1][-]{section.2.4}{\376\377\000A\000l\000g\000o\000r\000y\000t\000m\000y\000,\000\040\000s\000t\000r\000u\000k\000t\000u\000r\000y\000\040\000d\000a\000n\000y\000c\000h\000,\000\040\000o\000g\000r\000a\000n\000i\000c\000z\000e\000n\000i\000a\000\040\000s\000p\000e\000c\000y\000f\000i\000k\000a\000c\000j\000i}{part.2}% 28
\BOOKMARK [2][-]{subsection.2.4.1}{\376\377\000A\000l\000g\000o\000r\000y\000t\000m\000\040\000D\000e\000\040\000C\000a\000s\000t\000e\000l\000j\000a\000u}{section.2.4}% 29
\BOOKMARK [0][-]{part.3}{\376\377\000I\000I\000I\000\040\000P\000l\000a\000n\000\040\000p\000r\000a\000c\000y}{}% 30
\BOOKMARK [1][-]{section.3.1}{\376\377\000Z\000a\000p\000r\000o\000j\000e\000k\000t\000o\000w\000a\000n\000i\000e\000\040\000g\000r\000y\000\040\000w\000\040\000j\001\031\000z\000y\000k\000u\000\040\000U\000M\000L\000\040\000[\000d\000o\000\040\0001\0000\000.\0000\0004\000.\0002\0000\0001\0005\000]}{part.3}% 31
\BOOKMARK [1][-]{section.3.2}{\376\377\000P\000r\000z\000y\000g\000o\000t\000o\000w\000a\000n\000i\000e\000\040\000s\000z\000k\000i\000e\000l\000e\000t\000u\000\040\000a\000p\000l\000i\000k\000a\000c\000j\000i\000\040\000[\000d\000o\000\040\0002\0004\000.\0000\0004\000.\0002\0000\0001\0005\000]}{part.3}% 32
\BOOKMARK [1][-]{section.3.3}{\376\377\000C\000z\001\031\001\133\000c\000i\000\040\000n\000i\000e\000z\000a\000l\000e\001\174\000n\000e\000\040\000o\000d\000\040\000s\000i\000e\000b\000i\000e\000\040\000[\000d\000o\000\040\0000\0008\000.\0000\0005\000.\0002\0000\0001\0005\000]}{part.3}% 33
\BOOKMARK [1][-]{section.3.4}{\376\377\000C\000z\001\031\001\133\000c\000i\000\040\000z\000a\000l\000e\001\174\000n\000e\000\040\000o\000d\000\040\000s\000i\000e\000b\000i\000e\000\040\000[\000d\000o\000\040\0002\0002\000.\0000\0005\000.\0002\0000\0001\0005\000]}{part.3}% 34
\BOOKMARK [1][-]{section.3.5}{\376\377\000W\000y\000k\000o\000n\000a\000n\000i\000e\000\040\000m\000o\000d\000e\000l\000i\000\040\000g\000r\000a\000f\000i\000c\000z\000n\000y\000c\000h\000\040\000[\000d\000o\000\040\0000\0005\000.\0000\0006\000.\0002\0000\0001\0005\000]}{part.3}% 35
\BOOKMARK [0][-]{part.4}{\376\377\000I\000V\000\040\000P\000o\000d\000z\000i\000a\001\102\000\040\000p\000r\000a\000c\000y}{}% 36
\BOOKMARK [1][-]{section.4.1}{\376\377\000B\000u\000c\000h\000a\001\102\000a\000\040\000B\000a\000r\000t\001\102\000o\000m\000i\000e\000j}{part.4}% 37
\BOOKMARK [1][-]{section.4.2}{\376\377\000F\000o\000r\000c\000z\000m\000a\001\104\000s\000k\000i\000\040\000M\000a\000t\000e\000u\000s\000z}{part.4}% 38
\BOOKMARK [1][-]{section.4.3}{\376\377\000M\000o\000t\000y\000k\000a\000\040\000M\000a\000r\000e\000k}{part.4}% 39
\BOOKMARK [1][-]{section.4.4}{\376\377\000W\000u\000d\000e\000c\000k\000i\000\040\000W\000o\000j\000c\000i\000e\000c\000h}{part.4}% 40
